2021-12-15 16:16:56,182  INFO [main] My_Store_Base:156 - chromedriver sessio killed
2021-12-15 16:16:56,195  INFO [main] My_Store_Base:156 - chromedriver sessio killed
2021-12-15 16:16:57,273 DEBUG [main] RequestAddCookies:122 - CookieSpec selected: default
2021-12-15 16:16:57,283 DEBUG [main] RequestAuthCache:76 - Auth cache not set in the context
2021-12-15 16:16:57,284 DEBUG [main] PoolingHttpClientConnectionManager:249 - Connection request: [route: {s}->https://chromedriver.storage.googleapis.com:443][total kept alive: 0; route allocated: 0 of 2; total allocated: 0 of 20]
2021-12-15 16:16:57,301 DEBUG [main] PoolingHttpClientConnectionManager:282 - Connection leased: [id: 0][route: {s}->https://chromedriver.storage.googleapis.com:443][total kept alive: 0; route allocated: 1 of 2; total allocated: 1 of 20]
2021-12-15 16:16:57,304 DEBUG [main] MainClientExec:234 - Opening connection {s}->https://chromedriver.storage.googleapis.com:443
2021-12-15 16:16:57,420 DEBUG [main] DefaultHttpClientConnectionOperator:138 - Connecting to chromedriver.storage.googleapis.com/142.250.183.144:443
2021-12-15 16:16:57,420 DEBUG [main] SSLConnectionSocketFactory:335 - Connecting socket to chromedriver.storage.googleapis.com/142.250.183.144:443 with timeout 0
2021-12-15 16:16:57,586 DEBUG [main] SSLConnectionSocketFactory:388 - Enabled protocols: [TLSv1.3, TLSv1.2, TLSv1.1, TLSv1]
2021-12-15 16:16:57,587 DEBUG [main] SSLConnectionSocketFactory:389 - Enabled cipher suites:[TLS_AES_256_GCM_SHA384, TLS_AES_128_GCM_SHA256, TLS_CHACHA20_POLY1305_SHA256, TLS_ECDHE_ECDSA_WITH_AES_256_GCM_SHA384, TLS_ECDHE_ECDSA_WITH_AES_128_GCM_SHA256, TLS_ECDHE_ECDSA_WITH_CHACHA20_POLY1305_SHA256, TLS_ECDHE_RSA_WITH_AES_256_GCM_SHA384, TLS_ECDHE_RSA_WITH_CHACHA20_POLY1305_SHA256, TLS_ECDHE_RSA_WITH_AES_128_GCM_SHA256, TLS_DHE_RSA_WITH_AES_256_GCM_SHA384, TLS_DHE_RSA_WITH_CHACHA20_POLY1305_SHA256, TLS_DHE_DSS_WITH_AES_256_GCM_SHA384, TLS_DHE_RSA_WITH_AES_128_GCM_SHA256, TLS_DHE_DSS_WITH_AES_128_GCM_SHA256, TLS_ECDHE_ECDSA_WITH_AES_256_CBC_SHA384, TLS_ECDHE_RSA_WITH_AES_256_CBC_SHA384, TLS_ECDHE_ECDSA_WITH_AES_128_CBC_SHA256, TLS_ECDHE_RSA_WITH_AES_128_CBC_SHA256, TLS_DHE_RSA_WITH_AES_256_CBC_SHA256, TLS_DHE_DSS_WITH_AES_256_CBC_SHA256, TLS_DHE_RSA_WITH_AES_128_CBC_SHA256, TLS_DHE_DSS_WITH_AES_128_CBC_SHA256, TLS_ECDH_ECDSA_WITH_AES_256_GCM_SHA384, TLS_ECDH_RSA_WITH_AES_256_GCM_SHA384, TLS_ECDH_ECDSA_WITH_AES_128_GCM_SHA256, TLS_ECDH_RSA_WITH_AES_128_GCM_SHA256, TLS_ECDH_ECDSA_WITH_AES_256_CBC_SHA384, TLS_ECDH_RSA_WITH_AES_256_CBC_SHA384, TLS_ECDH_ECDSA_WITH_AES_128_CBC_SHA256, TLS_ECDH_RSA_WITH_AES_128_CBC_SHA256, TLS_ECDHE_ECDSA_WITH_AES_256_CBC_SHA, TLS_ECDHE_RSA_WITH_AES_256_CBC_SHA, TLS_ECDHE_ECDSA_WITH_AES_128_CBC_SHA, TLS_ECDHE_RSA_WITH_AES_128_CBC_SHA, TLS_DHE_RSA_WITH_AES_256_CBC_SHA, TLS_DHE_DSS_WITH_AES_256_CBC_SHA, TLS_DHE_RSA_WITH_AES_128_CBC_SHA, TLS_DHE_DSS_WITH_AES_128_CBC_SHA, TLS_ECDH_ECDSA_WITH_AES_256_CBC_SHA, TLS_ECDH_RSA_WITH_AES_256_CBC_SHA, TLS_ECDH_ECDSA_WITH_AES_128_CBC_SHA, TLS_ECDH_RSA_WITH_AES_128_CBC_SHA, TLS_RSA_WITH_AES_256_GCM_SHA384, TLS_RSA_WITH_AES_128_GCM_SHA256, TLS_RSA_WITH_AES_256_CBC_SHA256, TLS_RSA_WITH_AES_128_CBC_SHA256, TLS_RSA_WITH_AES_256_CBC_SHA, TLS_RSA_WITH_AES_128_CBC_SHA, TLS_EMPTY_RENEGOTIATION_INFO_SCSV]
2021-12-15 16:16:57,587 DEBUG [main] SSLConnectionSocketFactory:393 - Starting handshake
2021-12-15 16:16:57,835 DEBUG [main] SSLConnectionSocketFactory:423 - Secure session established
2021-12-15 16:16:57,835 DEBUG [main] SSLConnectionSocketFactory:424 -  negotiated protocol: TLSv1.3
2021-12-15 16:16:57,835 DEBUG [main] SSLConnectionSocketFactory:425 -  negotiated cipher suite: TLS_AES_256_GCM_SHA384
2021-12-15 16:16:57,838 DEBUG [main] SSLConnectionSocketFactory:433 -  peer principal: CN=*.storage.googleapis.com
2021-12-15 16:16:57,840 DEBUG [main] SSLConnectionSocketFactory:442 -  peer alternative names: [*.storage.googleapis.com, *.googleapis.com, commondatastorage.googleapis.com, *.commondatastorage.googleapis.com, storage.googleapis.com, storage.mtls.googleapis.com, *.appspot.com.storage.googleapis.com, *.content-storage.googleapis.com, *.content-storage-p2.googleapis.com, *.content-storage-upload.googleapis.com, *.content-storage-download.googleapis.com, *.storage-upload.googleapis.com, *.storage-download.googleapis.com]
2021-12-15 16:16:57,841 DEBUG [main] SSLConnectionSocketFactory:446 -  issuer principal: CN=GTS CA 1C3, O=Google Trust Services LLC, C=US
2021-12-15 16:16:57,842 DEBUG [main] DefaultHttpClientConnectionOperator:145 - Connection established 192.168.1.41:59944<->142.250.183.144:443
2021-12-15 16:16:57,843 DEBUG [main] MainClientExec:255 - Executing request OPTIONS / HTTP/1.1
2021-12-15 16:16:57,843 DEBUG [main] MainClientExec:260 - Target auth state: UNCHALLENGED
2021-12-15 16:16:57,844 DEBUG [main] MainClientExec:266 - Proxy auth state: UNCHALLENGED
2021-12-15 16:16:57,846 DEBUG [main] headers:135 - http-outgoing-0 >> OPTIONS / HTTP/1.1
2021-12-15 16:16:57,846 DEBUG [main] headers:138 - http-outgoing-0 >> Host: chromedriver.storage.googleapis.com
2021-12-15 16:16:57,847 DEBUG [main] headers:138 - http-outgoing-0 >> Connection: Keep-Alive
2021-12-15 16:16:57,847 DEBUG [main] headers:138 - http-outgoing-0 >> User-Agent: Apache-HttpClient/4.5.2 (Java/14.0.2)
2021-12-15 16:16:57,847 DEBUG [main] headers:138 - http-outgoing-0 >> Accept-Encoding: gzip,deflate
2021-12-15 16:16:57,848 DEBUG [main] wire:72 - http-outgoing-0 >> "OPTIONS / HTTP/1.1[\r][\n]"
2021-12-15 16:16:57,848 DEBUG [main] wire:72 - http-outgoing-0 >> "Host: chromedriver.storage.googleapis.com[\r][\n]"
2021-12-15 16:16:57,848 DEBUG [main] wire:72 - http-outgoing-0 >> "Connection: Keep-Alive[\r][\n]"
2021-12-15 16:16:57,848 DEBUG [main] wire:72 - http-outgoing-0 >> "User-Agent: Apache-HttpClient/4.5.2 (Java/14.0.2)[\r][\n]"
2021-12-15 16:16:57,849 DEBUG [main] wire:72 - http-outgoing-0 >> "Accept-Encoding: gzip,deflate[\r][\n]"
2021-12-15 16:16:57,849 DEBUG [main] wire:72 - http-outgoing-0 >> "[\r][\n]"
2021-12-15 16:16:58,114 DEBUG [main] wire:72 - http-outgoing-0 << "HTTP/1.1 200 OK[\r][\n]"
2021-12-15 16:16:58,114 DEBUG [main] wire:72 - http-outgoing-0 << "X-GUploader-UploadID: ADPycduqgoF8IRF_MTR1ZHw6_Np-3jJHQHERH-izPnw2FUMAc6v_ReN_76W9VK7-7Xeu8rpYBfnB9vD_Hwk5M23BEMI[\r][\n]"
2021-12-15 16:16:58,114 DEBUG [main] wire:72 - http-outgoing-0 << "Date: Wed, 15 Dec 2021 10:46:58 GMT[\r][\n]"
2021-12-15 16:16:58,115 DEBUG [main] wire:72 - http-outgoing-0 << "Expires: Wed, 15 Dec 2021 10:46:58 GMT[\r][\n]"
2021-12-15 16:16:58,115 DEBUG [main] wire:72 - http-outgoing-0 << "Cache-Control: private, max-age=0[\r][\n]"
2021-12-15 16:16:58,115 DEBUG [main] wire:72 - http-outgoing-0 << "Content-Length: 0[\r][\n]"
2021-12-15 16:16:58,115 DEBUG [main] wire:72 - http-outgoing-0 << "Server: UploadServer[\r][\n]"
2021-12-15 16:16:58,115 DEBUG [main] wire:72 - http-outgoing-0 << "Content-Type: text/html; charset=UTF-8[\r][\n]"
2021-12-15 16:16:58,116 DEBUG [main] wire:72 - http-outgoing-0 << "Alt-Svc: h3=":443"; ma=2592000,h3-29=":443"; ma=2592000,h3-Q050=":443"; ma=2592000,h3-Q046=":443"; ma=2592000,h3-Q043=":443"; ma=2592000,quic=":443"; ma=2592000; v="46,43"[\r][\n]"
2021-12-15 16:16:58,116 DEBUG [main] wire:72 - http-outgoing-0 << "[\r][\n]"
2021-12-15 16:16:58,119 DEBUG [main] headers:124 - http-outgoing-0 << HTTP/1.1 200 OK
2021-12-15 16:16:58,119 DEBUG [main] headers:127 - http-outgoing-0 << X-GUploader-UploadID: ADPycduqgoF8IRF_MTR1ZHw6_Np-3jJHQHERH-izPnw2FUMAc6v_ReN_76W9VK7-7Xeu8rpYBfnB9vD_Hwk5M23BEMI
2021-12-15 16:16:58,120 DEBUG [main] headers:127 - http-outgoing-0 << Date: Wed, 15 Dec 2021 10:46:58 GMT
2021-12-15 16:16:58,120 DEBUG [main] headers:127 - http-outgoing-0 << Expires: Wed, 15 Dec 2021 10:46:58 GMT
2021-12-15 16:16:58,120 DEBUG [main] headers:127 - http-outgoing-0 << Cache-Control: private, max-age=0
2021-12-15 16:16:58,120 DEBUG [main] headers:127 - http-outgoing-0 << Content-Length: 0
2021-12-15 16:16:58,120 DEBUG [main] headers:127 - http-outgoing-0 << Server: UploadServer
2021-12-15 16:16:58,120 DEBUG [main] headers:127 - http-outgoing-0 << Content-Type: text/html; charset=UTF-8
2021-12-15 16:16:58,121 DEBUG [main] headers:127 - http-outgoing-0 << Alt-Svc: h3=":443"; ma=2592000,h3-29=":443"; ma=2592000,h3-Q050=":443"; ma=2592000,h3-Q046=":443"; ma=2592000,h3-Q043=":443"; ma=2592000,quic=":443"; ma=2592000; v="46,43"
2021-12-15 16:16:58,125 DEBUG [main] MainClientExec:284 - Connection can be kept alive indefinitely
2021-12-15 16:16:58,126 DEBUG [main] PoolingHttpClientConnectionManager:314 - Connection [id: 0][route: {s}->https://chromedriver.storage.googleapis.com:443] can be kept alive indefinitely
2021-12-15 16:16:58,127 DEBUG [main] PoolingHttpClientConnectionManager:320 - Connection released: [id: 0][route: {s}->https://chromedriver.storage.googleapis.com:443][total kept alive: 1; route allocated: 1 of 2; total allocated: 1 of 20]
2021-12-15 16:17:31,982  INFO [main] My_Store_Base:108 - lanuching Successful..
2021-12-15 16:19:18,653 DEBUG [main] cache:45 - Couldn't find template in cache for "index.ftl"("en", UTF-8, parsed); will try to load it.
2021-12-15 16:19:18,655 DEBUG [main] cache:45 - TemplateLoader.findTemplateSource("index_en.ftl"): Not found
2021-12-15 16:19:18,659 DEBUG [main] cache:45 - TemplateLoader.findTemplateSource("index.ftl"): Found
2021-12-15 16:19:18,660 DEBUG [main] cache:45 - Loading template for "index.ftl"("en", UTF-8, parsed) from "jar:file:/C:/Users/Admin/.m2/repository/com/aventstack/extentreports/3.1.5/extentreports-3.1.5.jar!/com/aventstack/extentreports/view/html-report/index.ftl"
2021-12-15 16:19:19,117 DEBUG [main] cache:45 - Couldn't find template in cache for "head.ftl"("en", UTF-8, parsed); will try to load it.
2021-12-15 16:19:19,118 DEBUG [main] cache:45 - TemplateLoader.findTemplateSource("head_en.ftl"): Not found
2021-12-15 16:19:19,122 DEBUG [main] cache:45 - TemplateLoader.findTemplateSource("head.ftl"): Found
2021-12-15 16:19:19,122 DEBUG [main] cache:45 - Loading template for "head.ftl"("en", UTF-8, parsed) from "jar:file:/C:/Users/Admin/.m2/repository/com/aventstack/extentreports/3.1.5/extentreports-3.1.5.jar!/com/aventstack/extentreports/view/html-report/head.ftl"
2021-12-15 16:19:19,132 DEBUG [main] cache:45 - Couldn't find template in cache for "nav.ftl"("en", UTF-8, parsed); will try to load it.
2021-12-15 16:19:19,134 DEBUG [main] cache:45 - TemplateLoader.findTemplateSource("nav_en.ftl"): Not found
2021-12-15 16:19:19,134 DEBUG [main] cache:45 - TemplateLoader.findTemplateSource("nav.ftl"): Found
2021-12-15 16:19:19,135 DEBUG [main] cache:45 - Loading template for "nav.ftl"("en", UTF-8, parsed) from "jar:file:/C:/Users/Admin/.m2/repository/com/aventstack/extentreports/3.1.5/extentreports-3.1.5.jar!/com/aventstack/extentreports/view/html-report/nav.ftl"
2021-12-15 16:19:19,157 DEBUG [main] cache:45 - Couldn't find template in cache for "test-view/test-view.ftl"("en", UTF-8, parsed); will try to load it.
2021-12-15 16:19:19,159 DEBUG [main] cache:45 - TemplateLoader.findTemplateSource("test-view/test-view_en.ftl"): Not found
2021-12-15 16:19:19,160 DEBUG [main] cache:45 - TemplateLoader.findTemplateSource("test-view/test-view.ftl"): Found
2021-12-15 16:19:19,160 DEBUG [main] cache:45 - Loading template for "test-view/test-view.ftl"("en", UTF-8, parsed) from "jar:file:/C:/Users/Admin/.m2/repository/com/aventstack/extentreports/3.1.5/extentreports-3.1.5.jar!/com/aventstack/extentreports/view/html-report/test-view/test-view.ftl"
2021-12-15 16:19:19,177 DEBUG [main] cache:45 - Couldn't find template in cache for "test-view/test-view-charts.ftl"("en", UTF-8, parsed); will try to load it.
2021-12-15 16:19:19,178 DEBUG [main] cache:45 - TemplateLoader.findTemplateSource("test-view/test-view-charts_en.ftl"): Not found
2021-12-15 16:19:19,179 DEBUG [main] cache:45 - TemplateLoader.findTemplateSource("test-view/test-view-charts.ftl"): Found
2021-12-15 16:19:19,179 DEBUG [main] cache:45 - Loading template for "test-view/test-view-charts.ftl"("en", UTF-8, parsed) from "jar:file:/C:/Users/Admin/.m2/repository/com/aventstack/extentreports/3.1.5/extentreports-3.1.5.jar!/com/aventstack/extentreports/view/html-report/test-view/test-view-charts.ftl"
2021-12-15 16:19:19,230 DEBUG [main] cache:45 - Couldn't find template in cache for "test-view/standard.ftl"("en", UTF-8, parsed); will try to load it.
2021-12-15 16:19:19,232 DEBUG [main] cache:45 - TemplateLoader.findTemplateSource("test-view/standard_en.ftl"): Not found
2021-12-15 16:19:19,233 DEBUG [main] cache:45 - TemplateLoader.findTemplateSource("test-view/standard.ftl"): Found
2021-12-15 16:19:19,233 DEBUG [main] cache:45 - Loading template for "test-view/standard.ftl"("en", UTF-8, parsed) from "jar:file:/C:/Users/Admin/.m2/repository/com/aventstack/extentreports/3.1.5/extentreports-3.1.5.jar!/com/aventstack/extentreports/view/html-report/test-view/standard.ftl"
2021-12-15 16:19:19,283 DEBUG [main] cache:45 - "test-view/standard.ftl"("en", UTF-8, parsed) cached copy not yet stale; using cached.
2021-12-15 16:19:19,296 DEBUG [main] cache:45 - "test-view/standard.ftl"("en", UTF-8, parsed) cached copy not yet stale; using cached.
2021-12-15 16:19:19,301 DEBUG [main] cache:45 - "test-view/standard.ftl"("en", UTF-8, parsed) cached copy not yet stale; using cached.
2021-12-15 16:19:19,314 DEBUG [main] cache:45 - "test-view/standard.ftl"("en", UTF-8, parsed) cached copy not yet stale; using cached.
2021-12-15 16:19:19,318 DEBUG [main] cache:45 - "test-view/standard.ftl"("en", UTF-8, parsed) cached copy not yet stale; using cached.
2021-12-15 16:19:19,326 DEBUG [main] cache:45 - "test-view/standard.ftl"("en", UTF-8, parsed) cached copy not yet stale; using cached.
2021-12-15 16:19:19,332 DEBUG [main] cache:45 - "test-view/standard.ftl"("en", UTF-8, parsed) cached copy not yet stale; using cached.
2021-12-15 16:19:19,335 DEBUG [main] cache:45 - "test-view/standard.ftl"("en", UTF-8, parsed) cached copy not yet stale; using cached.
2021-12-15 16:19:19,348 DEBUG [main] cache:45 - "test-view/standard.ftl"("en", UTF-8, parsed) cached copy not yet stale; using cached.
2021-12-15 16:19:19,351 DEBUG [main] cache:45 - "test-view/standard.ftl"("en", UTF-8, parsed) cached copy not yet stale; using cached.
2021-12-15 16:19:19,354 DEBUG [main] cache:45 - "test-view/standard.ftl"("en", UTF-8, parsed) cached copy not yet stale; using cached.
2021-12-15 16:19:19,359 DEBUG [main] cache:45 - "test-view/standard.ftl"("en", UTF-8, parsed) cached copy not yet stale; using cached.
2021-12-15 16:19:19,364 DEBUG [main] cache:45 - "test-view/standard.ftl"("en", UTF-8, parsed) cached copy not yet stale; using cached.
2021-12-15 16:19:19,366 DEBUG [main] cache:45 - "test-view/standard.ftl"("en", UTF-8, parsed) cached copy not yet stale; using cached.
2021-12-15 16:19:19,370 DEBUG [main] cache:45 - "test-view/standard.ftl"("en", UTF-8, parsed) cached copy not yet stale; using cached.
2021-12-15 16:19:19,378 DEBUG [main] cache:45 - "test-view/standard.ftl"("en", UTF-8, parsed) cached copy not yet stale; using cached.
2021-12-15 16:19:19,379 DEBUG [main] cache:45 - "test-view/standard.ftl"("en", UTF-8, parsed) cached copy not yet stale; using cached.
2021-12-15 16:19:19,380 DEBUG [main] cache:45 - "test-view/standard.ftl"("en", UTF-8, parsed) cached copy not yet stale; using cached.
2021-12-15 16:19:19,381 DEBUG [main] cache:45 - "test-view/standard.ftl"("en", UTF-8, parsed) cached copy not yet stale; using cached.
2021-12-15 16:19:19,382 DEBUG [main] cache:45 - Couldn't find template in cache for "category-view/category-view.ftl"("en", UTF-8, parsed); will try to load it.
2021-12-15 16:19:19,383 DEBUG [main] cache:45 - TemplateLoader.findTemplateSource("category-view/category-view_en.ftl"): Not found
2021-12-15 16:19:19,384 DEBUG [main] cache:45 - TemplateLoader.findTemplateSource("category-view/category-view.ftl"): Found
2021-12-15 16:19:19,384 DEBUG [main] cache:45 - Loading template for "category-view/category-view.ftl"("en", UTF-8, parsed) from "jar:file:/C:/Users/Admin/.m2/repository/com/aventstack/extentreports/3.1.5/extentreports-3.1.5.jar!/com/aventstack/extentreports/view/html-report/category-view/category-view.ftl"
2021-12-15 16:19:19,401 DEBUG [main] cache:45 - Couldn't find template in cache for "author-view/author-view.ftl"("en", UTF-8, parsed); will try to load it.
2021-12-15 16:19:19,403 DEBUG [main] cache:45 - TemplateLoader.findTemplateSource("author-view/author-view_en.ftl"): Not found
2021-12-15 16:19:19,405 DEBUG [main] cache:45 - TemplateLoader.findTemplateSource("author-view/author-view.ftl"): Found
2021-12-15 16:19:19,405 DEBUG [main] cache:45 - Loading template for "author-view/author-view.ftl"("en", UTF-8, parsed) from "jar:file:/C:/Users/Admin/.m2/repository/com/aventstack/extentreports/3.1.5/extentreports-3.1.5.jar!/com/aventstack/extentreports/view/html-report/author-view/author-view.ftl"
2021-12-15 16:19:19,418 DEBUG [main] cache:45 - Couldn't find template in cache for "exception-view/exception-view.ftl"("en", UTF-8, parsed); will try to load it.
2021-12-15 16:19:19,420 DEBUG [main] cache:45 - TemplateLoader.findTemplateSource("exception-view/exception-view_en.ftl"): Not found
2021-12-15 16:19:19,421 DEBUG [main] cache:45 - TemplateLoader.findTemplateSource("exception-view/exception-view.ftl"): Found
2021-12-15 16:19:19,422 DEBUG [main] cache:45 - Loading template for "exception-view/exception-view.ftl"("en", UTF-8, parsed) from "jar:file:/C:/Users/Admin/.m2/repository/com/aventstack/extentreports/3.1.5/extentreports-3.1.5.jar!/com/aventstack/extentreports/view/html-report/exception-view/exception-view.ftl"
2021-12-15 16:19:19,429 DEBUG [main] cache:45 - Couldn't find template in cache for "dashboard-view/dashboard-view.ftl"("en", UTF-8, parsed); will try to load it.
2021-12-15 16:19:19,429 DEBUG [main] cache:45 - TemplateLoader.findTemplateSource("dashboard-view/dashboard-view_en.ftl"): Not found
2021-12-15 16:19:19,430 DEBUG [main] cache:45 - TemplateLoader.findTemplateSource("dashboard-view/dashboard-view.ftl"): Found
2021-12-15 16:19:19,430 DEBUG [main] cache:45 - Loading template for "dashboard-view/dashboard-view.ftl"("en", UTF-8, parsed) from "jar:file:/C:/Users/Admin/.m2/repository/com/aventstack/extentreports/3.1.5/extentreports-3.1.5.jar!/com/aventstack/extentreports/view/html-report/dashboard-view/dashboard-view.ftl"
2021-12-15 16:19:19,470 DEBUG [main] cache:45 - Couldn't find template in cache for "logs-view/testrunner-logs-view.ftl"("en", UTF-8, parsed); will try to load it.
2021-12-15 16:19:19,471 DEBUG [main] cache:45 - TemplateLoader.findTemplateSource("logs-view/testrunner-logs-view_en.ftl"): Not found
2021-12-15 16:19:19,473 DEBUG [main] cache:45 - TemplateLoader.findTemplateSource("logs-view/testrunner-logs-view.ftl"): Found
2021-12-15 16:19:19,473 DEBUG [main] cache:45 - Loading template for "logs-view/testrunner-logs-view.ftl"("en", UTF-8, parsed) from "jar:file:/C:/Users/Admin/.m2/repository/com/aventstack/extentreports/3.1.5/extentreports-3.1.5.jar!/com/aventstack/extentreports/view/html-report/logs-view/testrunner-logs-view.ftl"
